app/build/intermediates/manifest_merge_blame_file/debug/manifest-merger-blame-debug-report.txt
1<?xml version="1.0" encoding="utf-8"?>
2<manifest xmlns:android="http://schemas.android.com/apk/res/android"
3    package="com.example.nishnushimadmin"
4    android:versionCode="1"
5    android:versionName="1.0" >
6
7    <uses-sdk
8        android:minSdkVersion="22"
8-->src/main/AndroidManifest.xml
9        android:targetSdkVersion="30" />
9-->src/main/AndroidManifest.xml
10
11    <uses-permission android:name="android.permission.INTERNET" />
11-->src/main/AndroidManifest.xml:5:5-67
11-->src/main/AndroidManifest.xml:5:22-64
12    <uses-permission android:name="android.permission.SYSTEM_ALERT_WINDOW" />
12-->src/main/AndroidManifest.xml:6:5-78
12-->src/main/AndroidManifest.xml:6:22-75
13    <uses-permission android:name="android.permission.READ_EXTERNAL_STORAGE" />
13-->src/main/AndroidManifest.xml:7:5-80
13-->src/main/AndroidManifest.xml:7:22-77
14    <uses-permission android:name="android.permission.WRITE_EXTERNAL_STORAGE" />
14-->src/main/AndroidManifest.xml:8:5-81
14-->src/main/AndroidManifest.xml:8:22-78
15    <uses-permission android:name="android.permission.ACCESS_NETWORK_STATE" />
15-->[com.google.firebase:firebase-auth:20.0.1] AndroidManifest.xml:24:5-79
15-->[com.google.firebase:firebase-auth:20.0.1] AndroidManifest.xml:24:22-76
16
17    <application
17-->src/main/AndroidManifest.xml:10:5-32:19
18        android:allowBackup="true"
18-->src/main/AndroidManifest.xml:11:9-35
19        android:appComponentFactory="androidx.core.app.CoreComponentFactory"
19-->[androidx.core:core:1.3.1] AndroidManifest.xml:24:18-86
20        android:debuggable="true"
21        android:icon="@mipmap/ic_launcher"
21-->src/main/AndroidManifest.xml:12:9-43
22        android:label="@string/app_name"
22-->src/main/AndroidManifest.xml:13:9-41
23        android:roundIcon="@mipmap/ic_launcher_round"
23-->src/main/AndroidManifest.xml:14:9-54
24        android:supportsRtl="true"
24-->src/main/AndroidManifest.xml:15:9-35
25        android:theme="@style/Theme.NishnushimAdmin" >
25-->src/main/AndroidManifest.xml:16:9-53
26        <activity android:name="com.example.nishnushimadmin.activities.UserProfileActivity" />
26-->src/main/AndroidManifest.xml:17:9-77
26-->src/main/AndroidManifest.xml:17:19-65
27        <activity android:name="com.example.nishnushimadmin.activities.UserListActivity" />
27-->src/main/AndroidManifest.xml:18:9-65
27-->src/main/AndroidManifest.xml:18:19-62
28        <activity android:name="com.example.nishnushimadmin.activities.AddChangesActivity" />
28-->src/main/AndroidManifest.xml:19:9-67
28-->src/main/AndroidManifest.xml:19:19-64
29        <activity android:name="com.example.nishnushimadmin.activities.AddMenuActivity" />
29-->src/main/AndroidManifest.xml:20:9-64
29-->src/main/AndroidManifest.xml:20:19-61
30        <activity android:name="com.example.nishnushimadmin.activities.RestaurantProfileActivity" />
30-->src/main/AndroidManifest.xml:21:9-74
30-->src/main/AndroidManifest.xml:21:19-71
31        <activity android:name="com.example.nishnushimadmin.activities.AddRestaurantActivity" />
31-->src/main/AndroidManifest.xml:22:9-70
31-->src/main/AndroidManifest.xml:22:19-67
32        <activity android:name="com.example.nishnushimadmin.activities.RestaurantsListActivity" />
32-->src/main/AndroidManifest.xml:23:9-72
32-->src/main/AndroidManifest.xml:23:19-69
33        <activity android:name="com.example.nishnushimadmin.activities.ChooserActivity" />
33-->src/main/AndroidManifest.xml:24:9-64
33-->src/main/AndroidManifest.xml:24:19-61
34        <activity android:name="com.example.nishnushimadmin.activities.MainActivity" >
34-->src/main/AndroidManifest.xml:25:9-31:20
34-->src/main/AndroidManifest.xml:25:19-58
35            <intent-filter>
35-->src/main/AndroidManifest.xml:26:13-30:29
36                <action android:name="android.intent.action.MAIN" />
36-->src/main/AndroidManifest.xml:27:17-69
36-->src/main/AndroidManifest.xml:27:25-66
37
38                <category android:name="android.intent.category.LAUNCHER" />
38-->src/main/AndroidManifest.xml:29:17-77
38-->src/main/AndroidManifest.xml:29:27-74
39            </intent-filter>
40        </activity>
41
42        <provider
42-->[com.squareup.picasso:picasso:2.71828] AndroidManifest.xml:8:9-11:40
43            android:name="com.squareup.picasso.PicassoProvider"
43-->[com.squareup.picasso:picasso:2.71828] AndroidManifest.xml:9:13-64
44            android:authorities="com.example.nishnushimadmin.com.squareup.picasso"
44-->[com.squareup.picasso:picasso:2.71828] AndroidManifest.xml:10:13-72
45            android:exported="false" />
45-->[com.squareup.picasso:picasso:2.71828] AndroidManifest.xml:11:13-37
46
47        <activity
47-->[com.google.firebase:firebase-auth:20.0.1] AndroidManifest.xml:27:9-44:20
48            android:name="com.google.firebase.auth.internal.GenericIdpActivity"
48-->[com.google.firebase:firebase-auth:20.0.1] AndroidManifest.xml:28:13-80
49            android:excludeFromRecents="true"
49-->[com.google.firebase:firebase-auth:20.0.1] AndroidManifest.xml:29:13-46
50            android:exported="true"
50-->[com.google.firebase:firebase-auth:20.0.1] AndroidManifest.xml:30:13-36
51            android:launchMode="singleTask"
51-->[com.google.firebase:firebase-auth:20.0.1] AndroidManifest.xml:31:13-44
52            android:theme="@android:style/Theme.Translucent.NoTitleBar" >
52-->[com.google.firebase:firebase-auth:20.0.1] AndroidManifest.xml:32:13-72
53            <intent-filter>
53-->[com.google.firebase:firebase-auth:20.0.1] AndroidManifest.xml:33:13-43:29
54                <action android:name="android.intent.action.VIEW" />
54-->[com.google.firebase:firebase-auth:20.0.1] AndroidManifest.xml:34:17-69
54-->[com.google.firebase:firebase-auth:20.0.1] AndroidManifest.xml:34:25-66
55
56                <category android:name="android.intent.category.DEFAULT" />
56-->[com.google.firebase:firebase-auth:20.0.1] AndroidManifest.xml:36:17-76
56-->[com.google.firebase:firebase-auth:20.0.1] AndroidManifest.xml:36:27-73
57                <category android:name="android.intent.category.BROWSABLE" />
57-->[com.google.firebase:firebase-auth:20.0.1] AndroidManifest.xml:37:17-78
57-->[com.google.firebase:firebase-auth:20.0.1] AndroidManifest.xml:37:27-75
58
59                <data
59-->[com.google.firebase:firebase-auth:20.0.1] AndroidManifest.xml:39:17-42:51
60                    android:host="firebase.auth"
60-->[com.google.firebase:firebase-auth:20.0.1] AndroidManifest.xml:40:21-49
61                    android:path="/"
61-->[com.google.firebase:firebase-auth:20.0.1] AndroidManifest.xml:41:21-37
62                    android:scheme="genericidp" />
62-->[com.google.firebase:firebase-auth:20.0.1] AndroidManifest.xml:42:21-48
63            </intent-filter>
64        </activity>
65        <activity
65-->[com.google.firebase:firebase-auth:20.0.1] AndroidManifest.xml:45:9-62:20
66            android:name="com.google.firebase.auth.internal.RecaptchaActivity"
66-->[com.google.firebase:firebase-auth:20.0.1] AndroidManifest.xml:46:13-79
67            android:excludeFromRecents="true"
67-->[com.google.firebase:firebase-auth:20.0.1] AndroidManifest.xml:47:13-46
68            android:exported="true"
68-->[com.google.firebase:firebase-auth:20.0.1] AndroidManifest.xml:48:13-36
69            android:launchMode="singleTask"
69-->[com.google.firebase:firebase-auth:20.0.1] AndroidManifest.xml:49:13-44
70            android:theme="@android:style/Theme.Translucent.NoTitleBar" >
70-->[com.google.firebase:firebase-auth:20.0.1] AndroidManifest.xml:50:13-72
71            <intent-filter>
71-->[com.google.firebase:firebase-auth:20.0.1] AndroidManifest.xml:51:13-61:29
72                <action android:name="android.intent.action.VIEW" />
72-->[com.google.firebase:firebase-auth:20.0.1] AndroidManifest.xml:34:17-69
72-->[com.google.firebase:firebase-auth:20.0.1] AndroidManifest.xml:34:25-66
73
74                <category android:name="android.intent.category.DEFAULT" />
74-->[com.google.firebase:firebase-auth:20.0.1] AndroidManifest.xml:36:17-76
74-->[com.google.firebase:firebase-auth:20.0.1] AndroidManifest.xml:36:27-73
75                <category android:name="android.intent.category.BROWSABLE" />
75-->[com.google.firebase:firebase-auth:20.0.1] AndroidManifest.xml:37:17-78
75-->[com.google.firebase:firebase-auth:20.0.1] AndroidManifest.xml:37:27-75
76
77                <data
77-->[com.google.firebase:firebase-auth:20.0.1] AndroidManifest.xml:39:17-42:51
78                    android:host="firebase.auth"
78-->[com.google.firebase:firebase-auth:20.0.1] AndroidManifest.xml:40:21-49
79                    android:path="/"
79-->[com.google.firebase:firebase-auth:20.0.1] AndroidManifest.xml:41:21-37
80                    android:scheme="recaptcha" />
80-->[com.google.firebase:firebase-auth:20.0.1] AndroidManifest.xml:42:21-48
81            </intent-filter>
82        </activity>
83
84        <service
84-->[com.google.firebase:firebase-auth:20.0.1] AndroidManifest.xml:64:9-73:19
85            android:name="com.google.firebase.auth.api.fallback.service.FirebaseAuthFallbackService"
85-->[com.google.firebase:firebase-auth:20.0.1] AndroidManifest.xml:65:13-101
86            android:enabled="true"
86-->[com.google.firebase:firebase-auth:20.0.1] AndroidManifest.xml:66:13-35
87            android:exported="false" >
87-->[com.google.firebase:firebase-auth:20.0.1] AndroidManifest.xml:67:13-37
88            <intent-filter>
88-->[com.google.firebase:firebase-auth:20.0.1] AndroidManifest.xml:68:13-72:29
89                <action android:name="com.google.firebase.auth.api.gms.service.START" />
89-->[com.google.firebase:firebase-auth:20.0.1] AndroidManifest.xml:69:17-89
89-->[com.google.firebase:firebase-auth:20.0.1] AndroidManifest.xml:69:25-86
90
91                <category android:name="android.intent.category.DEFAULT" />
91-->[com.google.firebase:firebase-auth:20.0.1] AndroidManifest.xml:36:17-76
91-->[com.google.firebase:firebase-auth:20.0.1] AndroidManifest.xml:36:27-73
92            </intent-filter>
93        </service>
94        <service
94-->[com.google.firebase:firebase-auth:20.0.1] AndroidManifest.xml:74:9-80:19
95            android:name="com.google.firebase.components.ComponentDiscoveryService"
95-->[com.google.firebase:firebase-auth:20.0.1] AndroidManifest.xml:75:13-84
96            android:directBootAware="true"
96-->[com.google.firebase:firebase-common:19.4.0] AndroidManifest.xml:35:13-43
97            android:exported="false" >
97-->[com.google.firebase:firebase-auth:20.0.1] AndroidManifest.xml:76:13-37
98            <meta-data
98-->[com.google.firebase:firebase-auth:20.0.1] AndroidManifest.xml:77:13-79:85
99                android:name="com.google.firebase.components:com.google.firebase.auth.FirebaseAuthRegistrar"
99-->[com.google.firebase:firebase-auth:20.0.1] AndroidManifest.xml:78:17-109
100                android:value="com.google.firebase.components.ComponentRegistrar" />
100-->[com.google.firebase:firebase-auth:20.0.1] AndroidManifest.xml:79:17-82
101            <meta-data
101-->[com.google.firebase:firebase-firestore:22.0.0] AndroidManifest.xml:20:13-22:85
102                android:name="com.google.firebase.components:com.google.firebase.firestore.FirestoreRegistrar"
102-->[com.google.firebase:firebase-firestore:22.0.0] AndroidManifest.xml:21:17-111
103                android:value="com.google.firebase.components.ComponentRegistrar" />
103-->[com.google.firebase:firebase-firestore:22.0.0] AndroidManifest.xml:22:17-82
104            <meta-data
104-->[com.google.firebase:firebase-database:19.5.1] AndroidManifest.xml:32:13-34:85
105                android:name="com.google.firebase.components:com.google.firebase.database.DatabaseRegistrar"
105-->[com.google.firebase:firebase-database:19.5.1] AndroidManifest.xml:33:17-109
106                android:value="com.google.firebase.components.ComponentRegistrar" />
106-->[com.google.firebase:firebase-database:19.5.1] AndroidManifest.xml:34:17-82
107            <meta-data
107-->[com.google.firebase:firebase-storage:19.2.0] AndroidManifest.xml:33:13-35:85
108                android:name="com.google.firebase.components:com.google.firebase.storage.StorageRegistrar"
108-->[com.google.firebase:firebase-storage:19.2.0] AndroidManifest.xml:34:17-107
109                android:value="com.google.firebase.components.ComponentRegistrar" />
109-->[com.google.firebase:firebase-storage:19.2.0] AndroidManifest.xml:35:17-82
110        </service>
111
112        <provider
112-->[com.google.firebase:firebase-common:19.4.0] AndroidManifest.xml:26:9-31:39
113            android:name="com.google.firebase.provider.FirebaseInitProvider"
113-->[com.google.firebase:firebase-common:19.4.0] AndroidManifest.xml:27:13-77
114            android:authorities="com.example.nishnushimadmin.firebaseinitprovider"
114-->[com.google.firebase:firebase-common:19.4.0] AndroidManifest.xml:28:13-72
115            android:directBootAware="true"
115-->[com.google.firebase:firebase-common:19.4.0] AndroidManifest.xml:29:13-43
116            android:exported="false"
116-->[com.google.firebase:firebase-common:19.4.0] AndroidManifest.xml:30:13-37
117            android:initOrder="100" />
117-->[com.google.firebase:firebase-common:19.4.0] AndroidManifest.xml:31:13-36
118
119        <activity
119-->[com.google.android.gms:play-services-base:17.1.0] AndroidManifest.xml:23:9-26:75
120            android:name="com.google.android.gms.common.api.GoogleApiActivity"
120-->[com.google.android.gms:play-services-base:17.1.0] AndroidManifest.xml:24:13-79
121            android:exported="false"
121-->[com.google.android.gms:play-services-base:17.1.0] AndroidManifest.xml:25:13-37
122            android:theme="@android:style/Theme.Translucent.NoTitleBar" />
122-->[com.google.android.gms:play-services-base:17.1.0] AndroidManifest.xml:26:13-72
123
124        <meta-data
124-->[com.google.android.gms:play-services-basement:17.1.0] AndroidManifest.xml:23:9-25:69
125            android:name="com.google.android.gms.version"
125-->[com.google.android.gms:play-services-basement:17.1.0] AndroidManifest.xml:24:13-58
126            android:value="@integer/google_play_services_version" />
126-->[com.google.android.gms:play-services-basement:17.1.0] AndroidManifest.xml:25:13-66
127    </application>
128
129</manifest>